0 verbose cli /home/muga/.nvm/versions/node/v19.7.0/bin/node /home/muga/.nvm/versions/node/v19.7.0/bin/npm
1 info using npm@9.5.0
2 info using node@v19.7.0
3 timing npm:load:whichnode Completed in 2ms
4 timing config:load:defaults Completed in 3ms
5 timing config:load:file:/home/muga/.nvm/versions/node/v19.7.0/lib/node_modules/npm/npmrc Completed in 2ms
6 timing config:load:builtin Completed in 2ms
7 timing config:load:cli Completed in 2ms
8 timing config:load:env Completed in 0ms
9 timing config:load:project Completed in 2ms
10 timing config:load:file:/home/muga/.npmrc Completed in 2ms
11 timing config:load:user Completed in 2ms
12 timing config:load:file:/home/muga/.nvm/versions/node/v19.7.0/etc/npmrc Completed in 0ms
13 timing config:load:global Completed in 1ms
14 timing config:load:setEnvs Completed in 1ms
15 timing config:load Completed in 14ms
16 timing npm:load:configload Completed in 14ms
17 timing npm:load:mkdirpcache Completed in 1ms
18 timing npm:load:mkdirplogs Completed in 1ms
19 verbose title npm install
20 verbose argv "install"
21 timing npm:load:setTitle Completed in 2ms
22 timing config:load:flatten Completed in 4ms
23 timing npm:load:display Completed in 6ms
24 verbose logfile logs-max:10 dir:/home/muga/.npm/_logs/2023-03-11T07_47_42_030Z-
25 verbose logfile /home/muga/.npm/_logs/2023-03-11T07_47_42_030Z-debug-0.log
26 timing npm:load:logFile Completed in 9ms
27 timing npm:load:timers Completed in 0ms
28 timing npm:load:configScope Completed in 0ms
29 timing npm:load Completed in 35ms
30 timing config:load:flatten Completed in 0ms
31 timing arborist:ctor Completed in 2ms
32 silly logfile done cleaning log files
33 timing arborist:ctor Completed in 0ms
34 timing idealTree:init Completed in 16ms
35 timing idealTree:userRequests Completed in 1ms
36 silly idealTree buildDeps
37 timing idealTree:#root Completed in 0ms
38 timing idealTree:buildDeps Completed in 2ms
39 timing idealTree:fixDepFlags Completed in 0ms
40 timing idealTree Completed in 20ms
41 timing reify:loadTrees Completed in 21ms
42 timing reify:diffTrees Completed in 1ms
43 silly reify moves {}
44 timing reify:retireShallow Completed in 1ms
45 timing reify:createSparse Completed in 0ms
46 timing reify:loadBundles Completed in 0ms
47 timing reify:unpack Completed in 0ms
48 timing reify:unretire Completed in 0ms
49 timing build:queue Completed in 0ms
50 timing build:deps Completed in 0ms
51 timing build Completed in 1ms
52 timing reify:build Completed in 1ms
53 timing reify:trash Completed in 0ms
54 timing reify:save Completed in 5ms
55 timing reify Completed in 134ms
56 timing command:install Completed in 141ms
57 verbose stack Error: ENOENT: no such file or directory, open '/home/muga/package.json'
58 verbose cwd /home/muga
59 verbose Linux 4.4.0-19041-Microsoft
60 verbose node v19.7.0
61 verbose npm  v9.5.0
62 error code ENOENT
63 error syscall open
64 error path /home/muga/package.json
65 error errno -2
66 error enoent ENOENT: no such file or directory, open '/home/muga/package.json'
67 error enoent This is related to npm not being able to find a file.
67 error enoent
68 verbose exit -2
69 timing npm Completed in 384ms
70 verbose code -2
71 error A complete log of this run can be found in:
71 error     /home/muga/.npm/_logs/2023-03-11T07_47_42_030Z-debug-0.log
