0 verbose cli /home/muga/.nvm/versions/node/v19.7.0/bin/node /home/muga/.nvm/versions/node/v19.7.0/bin/npm
1 info using npm@9.5.0
2 info using node@v19.7.0
3 timing npm:load:whichnode Completed in 35ms
4 timing config:load:defaults Completed in 4ms
5 timing config:load:file:/home/muga/.nvm/versions/node/v19.7.0/lib/node_modules/npm/npmrc Completed in 25ms
6 timing config:load:builtin Completed in 25ms
7 timing config:load:cli Completed in 12ms
8 timing config:load:env Completed in 1ms
9 timing config:load:project Completed in 12ms
10 timing config:load:file:/home/muga/.npmrc Completed in 1ms
11 timing config:load:user Completed in 1ms
12 timing config:load:file:/home/muga/.nvm/versions/node/v19.7.0/etc/npmrc Completed in 1ms
13 timing config:load:global Completed in 2ms
14 timing config:load:setEnvs Completed in 2ms
15 timing config:load Completed in 60ms
16 timing npm:load:configload Completed in 61ms
17 timing npm:load:mkdirpcache Completed in 0ms
18 timing npm:load:mkdirplogs Completed in 0ms
19 verbose title npm install
20 verbose argv "install"
21 timing npm:load:setTitle Completed in 3ms
22 timing config:load:flatten Completed in 9ms
23 timing npm:load:display Completed in 11ms
24 verbose logfile logs-max:10 dir:/home/muga/.npm/_logs/2023-03-14T06_21_40_940Z-
25 verbose logfile /home/muga/.npm/_logs/2023-03-14T06_21_40_940Z-debug-0.log
26 timing npm:load:logFile Completed in 18ms
27 timing npm:load:timers Completed in 0ms
28 timing npm:load:configScope Completed in 0ms
29 timing npm:load Completed in 132ms
30 timing config:load:flatten Completed in 1ms
31 timing arborist:ctor Completed in 2ms
32 silly logfile done cleaning log files
33 timing idealTree:init Completed in 14ms
34 timing idealTree:userRequests Completed in 0ms
35 silly idealTree buildDeps
36 timing idealTree:#root Completed in 0ms
37 timing idealTree:buildDeps Completed in 1ms
38 timing idealTree:fixDepFlags Completed in 0ms
39 timing idealTree Completed in 18ms
40 timing reify:loadTrees Completed in 22ms
41 timing reify:diffTrees Completed in 1ms
42 silly reify moves {}
43 timing reify:retireShallow Completed in 1ms
44 timing reify:createSparse Completed in 0ms
45 timing reify:loadBundles Completed in 0ms
46 timing reify:unpack Completed in 0ms
47 timing reify:unretire Completed in 0ms
48 timing build:queue Completed in 0ms
49 timing build:deps Completed in 1ms
50 timing build Completed in 1ms
51 timing reify:build Completed in 1ms
52 timing reify:trash Completed in 0ms
53 timing reify:save Completed in 3ms
54 timing reify Completed in 189ms
55 timing command:install Completed in 200ms
56 verbose stack Error: ENOENT: no such file or directory, open '/home/muga/package.json'
57 verbose cwd /home/muga
58 verbose Linux 4.4.0-19041-Microsoft
59 verbose node v19.7.0
60 verbose npm  v9.5.0
61 error code ENOENT
62 error syscall open
63 error path /home/muga/package.json
64 error errno -2
65 error enoent ENOENT: no such file or directory, open '/home/muga/package.json'
66 error enoent This is related to npm not being able to find a file.
66 error enoent
67 verbose exit -2
68 timing npm Completed in 404ms
69 verbose code -2
70 error A complete log of this run can be found in:
70 error     /home/muga/.npm/_logs/2023-03-14T06_21_40_940Z-debug-0.log
