0 verbose cli /home/muga/.nvm/versions/node/v19.7.0/bin/node /home/muga/.nvm/versions/node/v19.7.0/bin/npm
1 info using npm@9.5.0
2 info using node@v19.7.0
3 timing npm:load:whichnode Completed in 2ms
4 timing config:load:defaults Completed in 4ms
5 timing config:load:file:/home/muga/.nvm/versions/node/v19.7.0/lib/node_modules/npm/npmrc Completed in 1ms
6 timing config:load:builtin Completed in 1ms
7 timing config:load:cli Completed in 2ms
8 timing config:load:env Completed in 0ms
9 timing config:load:file:/home/muga/Development/code/.npmrc Completed in 0ms
10 timing config:load:project Completed in 3ms
11 timing config:load:file:/home/muga/.npmrc Completed in 0ms
12 timing config:load:user Completed in 1ms
13 timing config:load:file:/home/muga/.nvm/versions/node/v19.7.0/etc/npmrc Completed in 0ms
14 timing config:load:global Completed in 0ms
15 timing config:load:setEnvs Completed in 3ms
16 timing config:load Completed in 15ms
17 timing npm:load:configload Completed in 15ms
18 timing npm:load:mkdirpcache Completed in 0ms
19 timing npm:load:mkdirplogs Completed in 0ms
20 verbose title npm test
21 verbose argv "test"
22 timing npm:load:setTitle Completed in 3ms
23 timing config:load:flatten Completed in 6ms
24 timing npm:load:display Completed in 8ms
25 verbose logfile logs-max:10 dir:/home/muga/.npm/_logs/2023-03-11T08_22_33_679Z-
26 verbose logfile /home/muga/.npm/_logs/2023-03-11T08_22_33_679Z-debug-0.log
27 timing npm:load:logFile Completed in 10ms
28 timing npm:load:timers Completed in 1ms
29 timing npm:load:configScope Completed in 0ms
30 timing npm:load Completed in 40ms
31 silly logfile done cleaning log files
32 timing command:run-script Completed in 19ms
33 timing command:test Completed in 27ms
34 verbose stack Error: ENOENT: no such file or directory, open '/home/muga/Development/code/package.json'
35 verbose cwd /home/muga/Development/code
36 verbose Linux 4.4.0-19041-Microsoft
37 verbose node v19.7.0
38 verbose npm  v9.5.0
39 error code ENOENT
40 error syscall open
41 error path /home/muga/Development/code/package.json
42 error errno -2
43 error enoent ENOENT: no such file or directory, open '/home/muga/Development/code/package.json'
44 error enoent This is related to npm not being able to find a file.
44 error enoent
45 verbose exit -2
46 timing npm Completed in 93ms
47 verbose code -2
48 error A complete log of this run can be found in:
48 error     /home/muga/.npm/_logs/2023-03-11T08_22_33_679Z-debug-0.log
