2023-03-14 09:19:55.928 [info] Log level: Info
2023-03-14 09:19:55.928 [info] Validating found git in: "git"
2023-03-14 09:19:55.928 [info] Using git "2.34.1" from "git"
2023-03-14 09:19:55.928 [info] > git rev-parse --show-toplevel [18ms]
2023-03-14 09:19:55.928 [info] fatal: not a git repository (or any of the parent directories): .git
2023-03-14 09:19:55.964 [info] > git rev-parse --show-toplevel [37ms]
2023-03-14 09:19:55.964 [info] fatal: not a git repository (or any of the parent directories): .git
2023-03-14 09:19:56.002 [info] > git rev-parse --show-toplevel [11ms]
2023-03-14 09:19:56.002 [info] fatal: not a git repository (or any of the parent directories): .git
2023-03-14 09:19:56.084 [info] > git rev-parse --show-toplevel [21ms]
2023-03-14 09:19:56.084 [info] fatal: not a git repository (or any of the parent directories): .git
2023-03-14 09:19:56.123 [info] > git rev-parse --show-toplevel [11ms]
2023-03-14 09:19:56.160 [info] > git rev-parse --git-dir --git-common-dir [11ms]
2023-03-14 09:19:56.179 [info] Open repository: /home/muga/.nvm
2023-03-14 09:19:56.261 [info] > git rev-parse --show-toplevel [52ms]
2023-03-14 09:19:56.292 [info] > git config --get commit.template [46ms]
2023-03-14 09:19:56.326 [info] > git rev-parse --git-dir --git-common-dir [39ms]
2023-03-14 09:19:56.338 [info] Open repository: /home/muga/.rbenv
2023-03-14 09:19:56.411 [info] > git for-each-ref --format %(refname) %(objectname) %(*objectname) refs/tags [91ms]
2023-03-14 09:19:56.443 [info] > git config --get commit.template [41ms]
2023-03-14 09:19:56.444 [info] > git rev-parse --show-toplevel [80ms]
2023-03-14 09:19:56.444 [info] fatal: not a git repository (or any of the parent directories): .git
2023-03-14 09:19:56.490 [info] > git rev-parse --show-toplevel [17ms]
2023-03-14 09:19:56.490 [info] fatal: not a git repository (or any of the parent directories): .git
2023-03-14 09:19:56.555 [info] > git status -z -uall [118ms]
2023-03-14 09:19:56.556 [info] > git rev-parse --show-toplevel [40ms]
2023-03-14 09:19:56.556 [info] fatal: not a git repository (or any of the parent directories): .git
2023-03-14 09:19:56.635 [info] > git rev-parse --show-toplevel [46ms]
2023-03-14 09:19:56.663 [info] > git for-each-ref --format=%(refname)%00%(upstream:short)%00%(objectname)%00%(upstream:track)%00%(upstream:remotename)%00%(upstream:remoteref) refs/heads/master refs/remotes/master [109ms]
2023-03-14 09:19:56.698 [info] > git rev-parse --git-dir --git-common-dir [35ms]
2023-03-14 09:19:56.704 [info] Open repository: /home/muga/phase-0-html-document-structure-lab
2023-03-14 09:19:56.732 [info] > git config --get commit.template [100ms]
2023-03-14 09:19:56.812 [info] > git status -z -uall [121ms]
2023-03-14 09:19:56.812 [info] > git config --get commit.template [41ms]
2023-03-14 09:19:56.813 [info] > git rev-parse --show-toplevel [82ms]
2023-03-14 09:19:56.886 [info] > git rev-parse --git-dir --git-common-dir [43ms]
2023-03-14 09:19:56.895 [info] Open repository: /home/muga/phase-0-html-experiencing-html-lab
2023-03-14 09:19:56.901 [info] > git for-each-ref --format %(refname) %(objectname) %(*objectname) refs/tags [92ms]
2023-03-14 09:19:56.996 [info] > git status -z -uall [72ms]
2023-03-14 09:19:56.997 [info] > git config --get commit.template [116ms]
2023-03-14 09:19:57.010 [info] > git for-each-ref --format=%(refname)%00%(upstream:short)%00%(objectname)%00%(upstream:track)%00%(upstream:remotename)%00%(upstream:remoteref) refs/heads/master refs/remotes/master [47ms]
2023-03-14 09:19:57.089 [info] > git status -z -uall [49ms]
2023-03-14 09:19:57.090 [info] > git config --get commit.template [95ms]
2023-03-14 09:19:57.125 [info] > git for-each-ref --format=%(refname)%00%(upstream:short)%00%(objectname)%00%(upstream:track)%00%(upstream:remotename)%00%(upstream:remoteref) refs/heads/master refs/remotes/master [39ms]
2023-03-14 09:19:57.153 [info] > git for-each-ref --format=%(refname)%00%(upstream:short)%00%(objectname)%00%(upstream:track)%00%(upstream:remotename)%00%(upstream:remoteref) refs/heads/master refs/remotes/master [38ms]
2023-03-14 09:19:57.188 [info] > git status -z -uall [38ms]
2023-03-14 09:19:57.205 [info] > git status -z -uall [21ms]
2023-03-14 09:19:57.633 [info] > git check-ignore -v -z --stdin [92ms]
2023-03-14 09:19:57.636 [info] > git check-ignore -v -z --stdin [63ms]
2023-03-14 09:19:57.637 [info] > git check-ignore -v -z --stdin [39ms]
2023-03-14 09:19:57.639 [info] > git check-ignore -v -z --stdin [17ms]
2023-03-14 09:25:43.033 [info] > git rev-parse --show-toplevel [29ms]
2023-03-14 09:25:43.034 [info] fatal: not a git repository (or any of the parent directories): .git
2023-03-14 09:33:08.180 [info] > git rev-parse --show-toplevel [312ms]
2023-03-14 09:33:08.181 [info] fatal: not a git repository (or any of the parent directories): .git
2023-03-14 09:40:43.370 [info] > git rev-parse --show-toplevel [11ms]
2023-03-14 09:40:43.370 [info] fatal: not a git repository (or any of the parent directories): .git
2023-03-14 10:01:22.127 [info] > git rev-parse --show-toplevel [8ms]
2023-03-14 10:01:22.127 [info] fatal: not a git repository (or any of the parent directories): .git
2023-03-14 10:02:26.685 [info] > git rev-parse --show-toplevel [11ms]
2023-03-14 10:02:26.685 [info] fatal: not a git repository (or any of the parent directories): .git
2023-03-14 10:04:14.534 [info] > git config --get commit.template [29ms]
2023-03-14 10:04:14.557 [info] > git for-each-ref --format=%(refname)%00%(upstream:short)%00%(objectname)%00%(upstream:track)%00%(upstream:remotename)%00%(upstream:remoteref) refs/heads/master refs/remotes/master [30ms]
2023-03-14 10:04:14.634 [info] > git status -z -uall [52ms]
2023-03-14 10:15:01.553 [info] > git config --get commit.template [49ms]
2023-03-14 10:15:01.564 [info] > git for-each-ref --format=%(refname)%00%(upstream:short)%00%(objectname)%00%(upstream:track)%00%(upstream:remotename)%00%(upstream:remoteref) refs/heads/master refs/remotes/master [13ms]
2023-03-14 10:15:01.615 [info] > git status -z -uall [24ms]
2023-03-14 10:15:06.672 [info] > git config --get commit.template [28ms]
2023-03-14 10:15:06.682 [info] > git for-each-ref --format=%(refname)%00%(upstream:short)%00%(objectname)%00%(upstream:track)%00%(upstream:remotename)%00%(upstream:remoteref) refs/heads/master refs/remotes/master [12ms]
2023-03-14 10:15:06.728 [info] > git status -z -uall [23ms]
2023-03-14 10:18:39.391 [info] > git rev-parse --show-toplevel [12ms]
2023-03-14 10:18:39.391 [info] fatal: not a git repository (or any of the parent directories): .git
2023-03-14 10:22:25.097 [info] > git rev-parse --show-toplevel [10ms]
2023-03-14 10:22:25.097 [info] fatal: not a git repository (or any of the parent directories): .git
2023-03-14 10:22:27.091 [info] > git rev-parse --show-toplevel [9ms]
2023-03-14 10:22:27.091 [info] fatal: not a git repository (or any of the parent directories): .git
2023-03-14 10:25:35.129 [info] > git rev-parse --show-toplevel [9ms]
2023-03-14 10:25:35.129 [info] fatal: not a git repository (or any of the parent directories): .git
2023-03-14 10:25:39.308 [info] > git rev-parse --show-toplevel [8ms]
2023-03-14 10:25:39.308 [info] fatal: not a git repository (or any of the parent directories): .git
2023-03-14 10:26:39.686 [info] > git rev-parse --show-toplevel [7ms]
2023-03-14 10:26:39.686 [info] fatal: not a git repository (or any of the parent directories): .git
2023-03-14 10:26:41.217 [info] > git rev-parse --show-toplevel [19ms]
2023-03-14 10:26:41.217 [info] fatal: not a git repository (or any of the parent directories): .git
2023-03-14 10:27:23.231 [info] > git rev-parse --show-toplevel [9ms]
2023-03-14 10:27:23.231 [info] fatal: not a git repository (or any of the parent directories): .git
2023-03-14 10:27:24.549 [info] > git rev-parse --show-toplevel [8ms]
2023-03-14 10:27:24.549 [info] fatal: not a git repository (or any of the parent directories): .git
2023-03-14 10:27:51.573 [info] > git rev-parse --show-toplevel [7ms]
2023-03-14 10:27:51.573 [info] fatal: not a git repository (or any of the parent directories): .git
2023-03-14 10:28:03.224 [info] > git rev-parse --show-toplevel [9ms]
2023-03-14 10:28:03.224 [info] fatal: not a git repository (or any of the parent directories): .git
2023-03-14 10:28:14.408 [info] > git rev-parse --show-toplevel [11ms]
2023-03-14 10:28:14.409 [info] fatal: not a git repository (or any of the parent directories): .git
2023-03-14 10:28:15.818 [info] > git rev-parse --show-toplevel [8ms]
2023-03-14 10:28:15.819 [info] fatal: not a git repository (or any of the parent directories): .git
2023-03-14 10:28:17.035 [info] > git rev-parse --show-toplevel [7ms]
2023-03-14 10:28:17.035 [info] fatal: not a git repository (or any of the parent directories): .git
2023-03-14 10:28:17.901 [info] > git rev-parse --show-toplevel [10ms]
2023-03-14 10:28:17.901 [info] fatal: not a git repository (or any of the parent directories): .git
2023-03-14 10:43:36.741 [info] > git rev-parse --show-toplevel [10ms]
2023-03-14 10:43:36.769 [info] > git rev-parse --git-dir --git-common-dir [7ms]
2023-03-14 10:43:36.777 [info] Open repository: /home/muga
2023-03-14 10:43:36.809 [info] No remotes found in the git config file.
2023-03-14 10:43:36.836 [info] > git config --get commit.template [31ms]
2023-03-14 10:43:36.842 [info] > git for-each-ref --format=%(refname)%00%(upstream:short)%00%(objectname)%00%(upstream:track)%00%(upstream:remotename)%00%(upstream:remoteref) refs/heads/main refs/remotes/main [8ms]
2023-03-14 10:43:37.119 [info] > git status -z -uall [253ms]
2023-03-14 10:43:37.855 [info] > git check-ignore -v -z --stdin [52ms]
2023-03-14 10:43:38.837 [info] > git show --textconv :my_list.txt [105ms]
2023-03-14 10:43:38.837 [info] > git show --textconv :my_list.html [71ms]
2023-03-14 10:43:38.838 [info] > git ls-files --stage -- /home/muga/my_list.txt [36ms]
2023-03-14 10:43:38.845 [info] > git ls-files --stage -- /home/muga/my_list.html [10ms]
